[INFO  - 2014-09-20T19:16:04.133Z] GhostDriver - Main - running on port 20758
[INFO  - 2014-09-20T19:16:04.395Z] Session [90d61b70-40fa-11e4-9886-8df277ecf337] - page.settings - {"XSSAuditingEnabled":false,"javascriptCanCloseWindows":true,"javascriptCanOpenWindows":true,"javascriptEnabled":true,"loadImages":true,"localToRemoteUrlAccessEnabled":false,"userAgent":"Mozilla/5.0 (Macintosh; PPC Mac OS X) AppleWebKit/534.34 (KHTML, like Gecko) PhantomJS/1.9.7 Safari/534.34","webSecurityEnabled":true}
[INFO  - 2014-09-20T19:16:04.395Z] Session [90d61b70-40fa-11e4-9886-8df277ecf337] - page.customHeaders:  - {"Accept-Language":"en"}
[INFO  - 2014-09-20T19:16:04.395Z] Session [90d61b70-40fa-11e4-9886-8df277ecf337] - Session.negotiatedCapabilities - {"browserName":"phantomjs","version":"1.9.7","driverName":"ghostdriver","driverVersion":"1.1.0","platform":"mac-unknown-64bit","javascriptEnabled":true,"takesScreenshot":true,"handlesAlerts":false,"databaseEnabled":false,"locationContextEnabled":false,"applicationCacheEnabled":false,"browserConnectionEnabled":false,"cssSelectorsEnabled":true,"webStorageEnabled":false,"rotatable":false,"acceptSslCerts":false,"nativeEvents":true,"proxy":{"proxyType":"direct"},"phantomjs.page.customHeaders.Accept-Language":"en"}
[INFO  - 2014-09-20T19:16:04.395Z] SessionManagerReqHand - _postNewSessionCommand - New Session Created: 90d61b70-40fa-11e4-9886-8df277ecf337
[INFO  - 2014-09-20T19:18:29.920Z] ShutdownReqHand - _handle - About to shutdown
[INFO  - 2014-09-20T19:46:25.921Z] GhostDriver - Main - running on port 14007
[INFO  - 2014-09-20T19:46:26.362Z] Session [ced03560-40fe-11e4-a650-4117c6d0b600] - page.settings - {"XSSAuditingEnabled":false,"javascriptCanCloseWindows":true,"javascriptCanOpenWindows":true,"javascriptEnabled":true,"loadImages":true,"localToRemoteUrlAccessEnabled":false,"userAgent":"Mozilla/5.0 (Macintosh; PPC Mac OS X) AppleWebKit/534.34 (KHTML, like Gecko) PhantomJS/1.9.7 Safari/534.34","webSecurityEnabled":true}
[INFO  - 2014-09-20T19:46:26.362Z] Session [ced03560-40fe-11e4-a650-4117c6d0b600] - page.customHeaders:  - {"Accept-Language":"en"}
[INFO  - 2014-09-20T19:46:26.363Z] Session [ced03560-40fe-11e4-a650-4117c6d0b600] - Session.negotiatedCapabilities - {"browserName":"phantomjs","version":"1.9.7","driverName":"ghostdriver","driverVersion":"1.1.0","platform":"mac-unknown-64bit","javascriptEnabled":true,"takesScreenshot":true,"handlesAlerts":false,"databaseEnabled":false,"locationContextEnabled":false,"applicationCacheEnabled":false,"browserConnectionEnabled":false,"cssSelectorsEnabled":true,"webStorageEnabled":false,"rotatable":false,"acceptSslCerts":false,"nativeEvents":true,"proxy":{"proxyType":"direct"},"phantomjs.page.customHeaders.Accept-Language":"en"}
[INFO  - 2014-09-20T19:46:26.363Z] SessionManagerReqHand - _postNewSessionCommand - New Session Created: ced03560-40fe-11e4-a650-4117c6d0b600
[INFO  - 2014-09-20T19:51:25.921Z] SessionManagerReqHand - _cleanupWindowlessSessions - Asynchronous Sessions clean-up phase starting NOW
[INFO  - 2014-09-20T19:52:20.399Z] ShutdownReqHand - _handle - About to shutdown
[INFO  - 2014-09-20T19:57:53.398Z] GhostDriver - Main - running on port 27486
[INFO  - 2014-09-20T19:57:53.657Z] Session [68791a50-4100-11e4-b27b-e36bfe334801] - page.settings - {"XSSAuditingEnabled":false,"javascriptCanCloseWindows":true,"javascriptCanOpenWindows":true,"javascriptEnabled":true,"loadImages":true,"localToRemoteUrlAccessEnabled":false,"userAgent":"Mozilla/5.0 (Macintosh; PPC Mac OS X) AppleWebKit/534.34 (KHTML, like Gecko) PhantomJS/1.9.7 Safari/534.34","webSecurityEnabled":true}
[INFO  - 2014-09-20T19:57:53.657Z] Session [68791a50-4100-11e4-b27b-e36bfe334801] - page.customHeaders:  - {"Accept-Language":"en"}
[INFO  - 2014-09-20T19:57:53.657Z] Session [68791a50-4100-11e4-b27b-e36bfe334801] - Session.negotiatedCapabilities - {"browserName":"phantomjs","version":"1.9.7","driverName":"ghostdriver","driverVersion":"1.1.0","platform":"mac-unknown-64bit","javascriptEnabled":true,"takesScreenshot":true,"handlesAlerts":false,"databaseEnabled":false,"locationContextEnabled":false,"applicationCacheEnabled":false,"browserConnectionEnabled":false,"cssSelectorsEnabled":true,"webStorageEnabled":false,"rotatable":false,"acceptSslCerts":false,"nativeEvents":true,"proxy":{"proxyType":"direct"},"phantomjs.page.customHeaders.Accept-Language":"en"}
[INFO  - 2014-09-20T19:57:53.658Z] SessionManagerReqHand - _postNewSessionCommand - New Session Created: 68791a50-4100-11e4-b27b-e36bfe334801
[INFO  - 2014-09-20T20:02:53.398Z] SessionManagerReqHand - _cleanupWindowlessSessions - Asynchronous Sessions clean-up phase starting NOW
[INFO  - 2014-09-20T20:03:14.881Z] ShutdownReqHand - _handle - About to shutdown
